  main.cpp
  vect.cpp
C:\Users\valen\source\repos\Heritage\Heritage\vect.h(6,1): error C2143: erreur de syntaxe : absence de ';' avant 'public'
C:\Users\valen\source\repos\Heritage\Heritage\vect.h(8,2): error C2059: erreur de syntaxe : '-'
C:\Users\valen\source\repos\Heritage\Heritage\vect.h(8,9): error C2238: jetons inattendus avant ';'
C:\Users\valen\source\repos\Heritage\Heritage\vect.cpp(4,1): error C2801: 'operator []' doit être un membre non static
C:\Users\valen\source\repos\Heritage\Heritage\vect.cpp(5,16): error C2144: erreur de syntaxe : 'int' doit être précédé de ')'
C:\Users\valen\source\repos\Heritage\Heritage\vect.cpp(5,11): error C2512: 'vect::vect' : aucun constructeur par défaut approprié disponible
C:\Users\valen\source\repos\Heritage\Heritage\vect.cpp(5,16): error C2144: erreur de syntaxe : 'int' doit être précédé de ';'
C:\Users\valen\source\repos\Heritage\Heritage\vect.cpp(5,21): error C2059: erreur de syntaxe : ')'
C:\Users\valen\source\repos\Heritage\Heritage\vect.cpp(7,9): error C2355: 'this' : ne peut être référencé qu'à l'intérieur de fonctions membres non static ou d'initialiseurs de membres de données non static
C:\Users\valen\source\repos\Heritage\Heritage\vect.cpp(7,24): error C2059: erreur de syntaxe : ';'
C:\Users\valen\source\repos\Heritage\Heritage\vect.cpp(14,1): error C2059: erreur de syntaxe : '}'
C:\Users\valen\source\repos\Heritage\Heritage\vect.cpp(14,1): error C2143: erreur de syntaxe : absence de ';' avant '}'
  vectb.cpp
C:\Users\valen\source\repos\Heritage\Heritage\vect.h(6,1): error C2143: erreur de syntaxe : absence de ';' avant 'public'
C:\Users\valen\source\repos\Heritage\Heritage\vect.h(8,2): error C2059: erreur de syntaxe : '-'
C:\Users\valen\source\repos\Heritage\Heritage\vect.h(8,9): error C2238: jetons inattendus avant ';'
  vectok.cpp
  Génération de code en cours...
